<?xml version="1.0" encoding="UTF-8"?>
<!-- Generated by org.testng.reporters.JUnitXMLReporter -->
<testsuite hostname="BLR1-LHP-N61317" ignored="0" name="Default test" tests="4" failures="0" timestamp="22 Aug 2019 10:09:14 GMT" time="93.471" errors="0">
  <testcase name="validateFormTitle" time="0.293" classname="com.qa.testcases.ContactsPageTest"/>
  <testcase name="createNewContacts" time="3.535" classname="com.qa.testcases.ContactsPageTest"/>
  <testcase name="createNewContacts" time="4.213" classname="com.qa.testcases.ContactsPageTest"/>
  <testcase name="createNewContacts" time="3.623" classname="com.qa.testcases.ContactsPageTest"/>
</testsuite> <!-- Default test -->
