<?xml version="1.0" encoding="UTF-8"?>
<!-- Generated by org.testng.reporters.JUnitXMLReporter -->
<testsuite ignored="0" hostname="BLR1-LHP-N61317" failures="0" tests="4" name="Default test" time="56.417" errors="0" timestamp="26 Aug 2019 05:43:48 GMT">
  <testcase classname="com.qa.testcases.ContactsPageTest" name="validateFormTitle" time="0.219"/>
  <testcase classname="com.qa.testcases.ContactsPageTest" name="createNewContacts" time="2.605"/>
  <testcase classname="com.qa.testcases.ContactsPageTest" name="createNewContacts" time="3.702"/>
  <testcase classname="com.qa.testcases.ContactsPageTest" name="createNewContacts" time="2.609"/>
</testsuite> <!-- Default test -->
