<?xml version="1.0" encoding="UTF-8"?>
<testng-results ignored="0" total="4" passed="4" failed="0" skipped="0">
  <reporter-output>
  </reporter-output>
  <suite started-at="2019-08-26T05:42:52Z" name="Default suite" finished-at="2019-08-26T05:43:48Z" duration-ms="56417">
    <groups>
    </groups>
    <test started-at="2019-08-26T05:42:52Z" name="Default test" finished-at="2019-08-26T05:43:48Z" duration-ms="56417">
      <class name="com.qa.testcases.ContactsPageTest">
        <test-method is-config="true" signature="setUp()[pri:0, instance:com.qa.testcases.ContactsPageTest@35841320]" started-at="2019-08-26T05:42:52Z" name="setUp" finished-at="2019-08-26T05:43:02Z" duration-ms="10619" status="PASS">
          <reporter-output>
          </reporter-output>
        </test-method> <!-- setUp -->
        <test-method signature="validateFormTitle()[pri:1, instance:com.qa.testcases.ContactsPageTest@35841320]" started-at="2019-08-26T05:43:02Z" name="validateFormTitle" finished-at="2019-08-26T05:43:02Z" duration-ms="219" status="PASS">
          <reporter-output>
          </reporter-output>
        </test-method> <!-- validateFormTitle -->
        <test-method is-config="true" signature="tearDown()[pri:0, instance:com.qa.testcases.ContactsPageTest@35841320]" started-at="2019-08-26T05:43:02Z" name="tearDown" finished-at="2019-08-26T05:43:04Z" duration-ms="1545" status="PASS">
          <reporter-output>
          </reporter-output>
        </test-method> <!-- tearDown -->
        <test-method is-config="true" signature="setUp()[pri:0, instance:com.qa.testcases.ContactsPageTest@35841320]" started-at="2019-08-26T05:43:04Z" name="setUp" finished-at="2019-08-26T05:43:14Z" duration-ms="9801" status="PASS">
          <reporter-output>
          </reporter-output>
        </test-method> <!-- setUp -->
        <test-method signature="createNewContacts(java.lang.String, java.lang.String, java.lang.String, java.lang.String, java.lang.String, java.lang.String, java.lang.String)[pri:2, instance:com.qa.testcases.ContactsPageTest@35841320]" started-at="2019-08-26T05:43:14Z" name="createNewContacts" data-provider="getCRMTestData" finished-at="2019-08-26T05:43:17Z" duration-ms="2605" status="PASS">
          <params>
            <param index="0">
              <value>
                <![CDATA[Ramesh]]>
              </value>
            </param>
            <param index="1">
              <value>
                <![CDATA[Biradar]]>
              </value>
            </param>
            <param index="2">
              <value>
                <![CDATA[Facebook]]>
              </value>
            </param>
            <param index="3">
              <value>
                <![CDATA[India]]>
              </value>
            </param>
            <param index="4">
              <value>
                <![CDATA[10.0]]>
              </value>
            </param>
            <param index="5">
              <value>
                <![CDATA[10.0]]>
              </value>
            </param>
            <param index="6">
              <value>
                <![CDATA[1987.0]]>
              </value>
            </param>
          </params>
          <reporter-output>
          </reporter-output>
        </test-method> <!-- createNewContacts -->
        <test-method is-config="true" signature="tearDown()[pri:0, instance:com.qa.testcases.ContactsPageTest@35841320]" started-at="2019-08-26T05:43:17Z" name="tearDown" finished-at="2019-08-26T05:43:18Z" duration-ms="1511" status="PASS">
          <reporter-output>
          </reporter-output>
        </test-method> <!-- tearDown -->
        <test-method is-config="true" signature="setUp()[pri:0, instance:com.qa.testcases.ContactsPageTest@35841320]" started-at="2019-08-26T05:43:18Z" name="setUp" finished-at="2019-08-26T05:43:28Z" duration-ms="9616" status="PASS">
          <reporter-output>
          </reporter-output>
        </test-method> <!-- setUp -->
        <test-method signature="createNewContacts(java.lang.String, java.lang.String, java.lang.String, java.lang.String, java.lang.String, java.lang.String, java.lang.String)[pri:2, instance:com.qa.testcases.ContactsPageTest@35841320]" started-at="2019-08-26T05:43:28Z" name="createNewContacts" data-provider="getCRMTestData" finished-at="2019-08-26T05:43:32Z" duration-ms="3702" status="PASS">
          <params>
            <param index="0">
              <value>
                <![CDATA[Ambika]]>
              </value>
            </param>
            <param index="1">
              <value>
                <![CDATA[Sulepeth]]>
              </value>
            </param>
            <param index="2">
              <value>
                <![CDATA[Twitter]]>
              </value>
            </param>
            <param index="3">
              <value>
                <![CDATA[United Kingdom]]>
              </value>
            </param>
            <param index="4">
              <value>
                <![CDATA[10.0]]>
              </value>
            </param>
            <param index="5">
              <value>
                <![CDATA[10.0]]>
              </value>
            </param>
            <param index="6">
              <value>
                <![CDATA[1987.0]]>
              </value>
            </param>
          </params>
          <reporter-output>
          </reporter-output>
        </test-method> <!-- createNewContacts -->
        <test-method is-config="true" signature="tearDown()[pri:0, instance:com.qa.testcases.ContactsPageTest@35841320]" started-at="2019-08-26T05:43:32Z" name="tearDown" finished-at="2019-08-26T05:43:33Z" duration-ms="1509" status="PASS">
          <reporter-output>
          </reporter-output>
        </test-method> <!-- tearDown -->
        <test-method is-config="true" signature="setUp()[pri:0, instance:com.qa.testcases.ContactsPageTest@35841320]" started-at="2019-08-26T05:43:33Z" name="setUp" finished-at="2019-08-26T05:43:44Z" duration-ms="10709" status="PASS">
          <reporter-output>
          </reporter-output>
        </test-method> <!-- setUp -->
        <test-method signature="createNewContacts(java.lang.String, java.lang.String, java.lang.String, java.lang.String, java.lang.String, java.lang.String, java.lang.String)[pri:2, instance:com.qa.testcases.ContactsPageTest@35841320]" started-at="2019-08-26T05:43:44Z" name="createNewContacts" data-provider="getCRMTestData" finished-at="2019-08-26T05:43:46Z" duration-ms="2609" status="PASS">
          <params>
            <param index="0">
              <value>
                <![CDATA[Suresh]]>
              </value>
            </param>
            <param index="1">
              <value>
                <![CDATA[kattimani]]>
              </value>
            </param>
            <param index="2">
              <value>
                <![CDATA[LinkedIn]]>
              </value>
            </param>
            <param index="3">
              <value>
                <![CDATA[Afghanistan]]>
              </value>
            </param>
            <param index="4">
              <value>
                <![CDATA[10.0]]>
              </value>
            </param>
            <param index="5">
              <value>
                <![CDATA[10.0]]>
              </value>
            </param>
            <param index="6">
              <value>
                <![CDATA[1987.0]]>
              </value>
            </param>
          </params>
          <reporter-output>
          </reporter-output>
        </test-method> <!-- createNewContacts -->
        <test-method is-config="true" signature="tearDown()[pri:0, instance:com.qa.testcases.ContactsPageTest@35841320]" started-at="2019-08-26T05:43:46Z" name="tearDown" finished-at="2019-08-26T05:43:48Z" duration-ms="1514" status="PASS">
          <reporter-output>
          </reporter-output>
        </test-method> <!-- tearDown -->
      </class> <!-- com.qa.testcases.ContactsPageTest -->
    </test> <!-- Default test -->
  </suite> <!-- Default suite -->
</testng-results>
