<?xml version="1.0" encoding="UTF-8"?>
<testng-results skipped="0" failed="0" ignored="0" total="4" passed="4">
  <reporter-output>
  </reporter-output>
  <suite name="FreeCRM smoke testing suite" duration-ms="55793" started-at="2019-08-22T10:26:09Z" finished-at="2019-08-22T10:27:05Z">
    <groups>
    </groups>
    <test name="Login and Home page tests" duration-ms="55793" started-at="2019-08-22T10:26:09Z" finished-at="2019-08-22T10:27:05Z">
      <class name="com.qa.testcases.ContactsPageTest">
        <test-method status="PASS" signature="setUp()[pri:0, instance:com.qa.testcases.ContactsPageTest@6fb0d3ed]" name="setUp" is-config="true" duration-ms="16985" started-at="2019-08-22T10:26:37Z" finished-at="2019-08-22T10:26:54Z">
          <reporter-output>
          </reporter-output>
        </test-method> <!-- setUp -->
        <test-method status="PASS" signature="validateFormTitle()[pri:1, instance:com.qa.testcases.ContactsPageTest@6fb0d3ed]" name="validateFormTitle" duration-ms="432" started-at="2019-08-22T10:26:54Z" finished-at="2019-08-22T10:26:54Z">
          <reporter-output>
          </reporter-output>
        </test-method> <!-- validateFormTitle -->
        <test-method status="PASS" signature="tearDown()[pri:0, instance:com.qa.testcases.ContactsPageTest@6fb0d3ed]" name="tearDown" is-config="true" duration-ms="1245" started-at="2019-08-22T10:26:54Z" finished-at="2019-08-22T10:26:56Z">
          <reporter-output>
          </reporter-output>
        </test-method> <!-- tearDown -->
      </class> <!-- com.qa.testcases.ContactsPageTest -->
      <class name="com.qa.testcases.HomePageTest">
        <test-method status="PASS" signature="setUp()[pri:0, instance:com.qa.testcases.HomePageTest@fe18270]" name="setUp" is-config="true" duration-ms="15990" started-at="2019-08-22T10:26:20Z" finished-at="2019-08-22T10:26:36Z">
          <reporter-output>
          </reporter-output>
        </test-method> <!-- setUp -->
        <test-method status="PASS" signature="validateHomePageTitle()[pri:1, instance:com.qa.testcases.HomePageTest@fe18270]" name="validateHomePageTitle" duration-ms="11" started-at="2019-08-22T10:26:36Z" finished-at="2019-08-22T10:26:36Z">
          <reporter-output>
          </reporter-output>
        </test-method> <!-- validateHomePageTitle -->
        <test-method status="PASS" signature="tearDown()[pri:0, instance:com.qa.testcases.HomePageTest@fe18270]" name="tearDown" is-config="true" duration-ms="1217" started-at="2019-08-22T10:26:36Z" finished-at="2019-08-22T10:26:37Z">
          <reporter-output>
          </reporter-output>
        </test-method> <!-- tearDown -->
      </class> <!-- com.qa.testcases.HomePageTest -->
      <class name="com.qa.testcases.LoginPageTest">
        <test-method status="PASS" signature="setUP()[pri:0, instance:com.qa.testcases.LoginPageTest@10d59286]" name="setUP" is-config="true" duration-ms="9286" started-at="2019-08-22T10:26:09Z" finished-at="2019-08-22T10:26:18Z">
          <reporter-output>
          </reporter-output>
        </test-method> <!-- setUP -->
        <test-method status="PASS" signature="validateTitle()[pri:1, instance:com.qa.testcases.LoginPageTest@10d59286]" name="validateTitle" duration-ms="35" started-at="2019-08-22T10:26:18Z" finished-at="2019-08-22T10:26:19Z">
          <reporter-output>
          </reporter-output>
        </test-method> <!-- validateTitle -->
        <test-method status="PASS" signature="tearDown()[pri:0, instance:com.qa.testcases.LoginPageTest@10d59286]" name="tearDown" is-config="true" duration-ms="1229" started-at="2019-08-22T10:26:19Z" finished-at="2019-08-22T10:26:20Z">
          <reporter-output>
          </reporter-output>
        </test-method> <!-- tearDown -->
        <test-method status="PASS" signature="setUP()[pri:0, instance:com.qa.testcases.LoginPageTest@10d59286]" name="setUP" is-config="true" duration-ms="8062" started-at="2019-08-22T10:26:56Z" finished-at="2019-08-22T10:27:04Z">
          <reporter-output>
          </reporter-output>
        </test-method> <!-- setUP -->
        <test-method status="PASS" signature="validateImage()[pri:2, instance:com.qa.testcases.LoginPageTest@10d59286]" name="validateImage" duration-ms="50" started-at="2019-08-22T10:27:04Z" finished-at="2019-08-22T10:27:04Z">
          <reporter-output>
          </reporter-output>
        </test-method> <!-- validateImage -->
        <test-method status="PASS" signature="tearDown()[pri:0, instance:com.qa.testcases.LoginPageTest@10d59286]" name="tearDown" is-config="true" duration-ms="1216" started-at="2019-08-22T10:27:04Z" finished-at="2019-08-22T10:27:05Z">
          <reporter-output>
          </reporter-output>
        </test-method> <!-- tearDown -->
      </class> <!-- com.qa.testcases.LoginPageTest -->
    </test> <!-- Login and Home page tests -->
  </suite> <!-- FreeCRM smoke testing suite -->
</testng-results>
