<?xml version="1.0" encoding="UTF-8"?>
<!-- Generated by org.testng.reporters.JUnitXMLReporter -->
<testsuite hostname="BLR1-LHP-N61317" ignored="0" name="Login and Home page tests" tests="4" failures="0" timestamp="22 Aug 2019 10:27:05 GMT" time="55.793" errors="0">
  <testcase name="validateTitle" time="0.035" classname="com.qa.testcases.LoginPageTest"/>
  <testcase name="validateHomePageTitle" time="0.011" classname="com.qa.testcases.HomePageTest"/>
  <testcase name="validateFormTitle" time="0.432" classname="com.qa.testcases.ContactsPageTest"/>
  <testcase name="validateImage" time="0.05" classname="com.qa.testcases.LoginPageTest"/>
</testsuite> <!-- Login and Home page tests -->
